
7-Zip (A) 9.20  Copyright (c) 1999-2010 Igor Pavlov  2010-11-18
Scanning

Creating archive C:\Users\imrandev\Desktop\Kudu\kudu\artifacts\Release\zip\Kudu.zip

Compressing  SiteExtensions\Kudu\bin\Ionic.Zip.dll
Compressing  SiteExtensions\Kudu\bin\Ionic.Zip.xml
Compressing  SiteExtensions\Kudu\bin\Kudu.Contracts.dll
Compressing  SiteExtensions\Kudu\bin\Kudu.Contracts.dll.config
Compressing  SiteExtensions\Kudu\bin\Kudu.Contracts.pdb
Compressing  SiteExtensions\Kudu\bin\Kudu.Core.dll
Compressing  SiteExtensions\Kudu\bin\Kudu.Core.dll.config
Compressing  SiteExtensions\Kudu\bin\Kudu.Core.pdb
Compressing  SiteExtensions\Kudu\bin\kudu.exe
Compressing  SiteExtensions\Kudu\bin\kudu.exe.config
Compressing  SiteExtensions\Kudu\bin\Kudu.Services.dll
Compressing  SiteExtensions\Kudu\bin\Kudu.Services.dll.config
Compressing  SiteExtensions\Kudu\bin\Kudu.Services.pdb
Compressing  SiteExtensions\Kudu\bin\Kudu.Services.Web.dll
Compressing  SiteExtensions\Kudu\bin\Kudu.Services.Web.pdb
Compressing  SiteExtensions\Kudu\bin\Kudu.Services.xml
Compressing  SiteExtensions\Kudu\bin\LibGit2Sharp.dll
Compressing  SiteExtensions\Kudu\bin\LibGit2Sharp.xml
Compressing  SiteExtensions\Kudu\bin\Mercurial.Net.dll
Compressing  SiteExtensions\Kudu\bin\Mercurial.Net.xml
Compressing  SiteExtensions\Kudu\bin\Microsoft.AspNet.SignalR.Core.dll
Compressing  SiteExtensions\Kudu\bin\Microsoft.AspNet.SignalR.Core.xml
Compressing  SiteExtensions\Kudu\bin\Microsoft.AspNet.SignalR.SystemWeb.dll
Compressing  SiteExtensions\Kudu\bin\Microsoft.AspNet.SignalR.SystemWeb.xml
Compressing  SiteExtensions\Kudu\bin\Microsoft.AspNetCore.Cryptography.Internal.dll
Compressing  SiteExtensions\Kudu\bin\Microsoft.AspNetCore.Cryptography.Internal.xml
Compressing  SiteExtensions\Kudu\bin\Microsoft.AspNetCore.DataProtection.Abstractions.dll
Compressing  SiteExtensions\Kudu\bin\Microsoft.AspNetCore.DataProtection.Abstractions.xml
Compressing  SiteExtensions\Kudu\bin\Microsoft.AspNetCore.DataProtection.dll
Compressing  SiteExtensions\Kudu\bin\Microsoft.AspNetCore.DataProtection.xml
Compressing  SiteExtensions\Kudu\bin\Microsoft.AspNetCore.Hosting.Abstractions.dll
Compressing  SiteExtensions\Kudu\bin\Microsoft.AspNetCore.Hosting.Abstractions.xml
Compressing  SiteExtensions\Kudu\bin\Microsoft.AspNetCore.Hosting.Server.Abstractions.dll
Compressing  SiteExtensions\Kudu\bin\Microsoft.AspNetCore.Hosting.Server.Abstractions.xml
Compressing  SiteExtensions\Kudu\bin\Microsoft.AspNetCore.Http.Abstractions.dll
Compressing  SiteExtensions\Kudu\bin\Microsoft.AspNetCore.Http.Abstractions.xml
Compressing  SiteExtensions\Kudu\bin\Microsoft.AspNetCore.Http.Features.dll
Compressing  SiteExtensions\Kudu\bin\Microsoft.AspNetCore.Http.Features.xml
Compressing  SiteExtensions\Kudu\bin\Microsoft.Azure.WebSites.DataProtection.dll
Compressing  SiteExtensions\Kudu\bin\Microsoft.Diagnostics.Tracing.EventSource.dll
Compressing  SiteExtensions\Kudu\bin\Microsoft.Diagnostics.Tracing.EventSource.xml
Compressing  SiteExtensions\Kudu\bin\Microsoft.Extensions.Configuration.Abstractions.dll
Compressing  SiteExtensions\Kudu\bin\Microsoft.Extensions.Configuration.Abstractions.xml
Compressing  SiteExtensions\Kudu\bin\Microsoft.Extensions.DependencyInjection.Abstractions.dll
Compressing  SiteExtensions\Kudu\bin\Microsoft.Extensions.DependencyInjection.Abstractions.xml
Compressing  SiteExtensions\Kudu\bin\Microsoft.Extensions.DependencyInjection.dll
Compressing  SiteExtensions\Kudu\bin\Microsoft.Extensions.DependencyInjection.xml
Compressing  SiteExtensions\Kudu\bin\Microsoft.Extensions.FileProviders.Abstractions.dll
Compressing  SiteExtensions\Kudu\bin\Microsoft.Extensions.FileProviders.Abstractions.xml
Compressing  SiteExtensions\Kudu\bin\Microsoft.Extensions.Logging.Abstractions.dll
Compressing  SiteExtensions\Kudu\bin\Microsoft.Extensions.Logging.Abstractions.xml
Compressing  SiteExtensions\Kudu\bin\Microsoft.Extensions.Options.dll
Compressing  SiteExtensions\Kudu\bin\Microsoft.Extensions.Options.xml
Compressing  SiteExtensions\Kudu\bin\Microsoft.Extensions.Primitives.dll
Compressing  SiteExtensions\Kudu\bin\Microsoft.Extensions.Primitives.xml
Compressing  SiteExtensions\Kudu\bin\Microsoft.IdentityModel.Logging.dll
Compressing  SiteExtensions\Kudu\bin\Microsoft.IdentityModel.Logging.xml
Compressing  SiteExtensions\Kudu\bin\Microsoft.IdentityModel.Tokens.dll
Compressing  SiteExtensions\Kudu\bin\Microsoft.IdentityModel.Tokens.xml
Compressing  SiteExtensions\Kudu\bin\Microsoft.Owin.dll
Compressing  SiteExtensions\Kudu\bin\Microsoft.Owin.Host.SystemWeb.dll
Compressing  SiteExtensions\Kudu\bin\Microsoft.Owin.Host.SystemWeb.xml
Compressing  SiteExtensions\Kudu\bin\Microsoft.Owin.Security.dll
Compressing  SiteExtensions\Kudu\bin\Microsoft.Owin.Security.xml
Compressing  SiteExtensions\Kudu\bin\Microsoft.Owin.xml
Compressing  SiteExtensions\Kudu\bin\Microsoft.Web.Infrastructure.dll
Compressing  SiteExtensions\Kudu\bin\Microsoft.Web.XmlTransform.dll
Compressing  SiteExtensions\Kudu\bin\NativeBinaries\amd64\git2-e0902fb.dll
Compressing  SiteExtensions\Kudu\bin\NativeBinaries\amd64\git2-e0902fb.pdb
Compressing  SiteExtensions\Kudu\bin\NativeBinaries\x86\git2-e0902fb.dll
Compressing  SiteExtensions\Kudu\bin\NativeBinaries\x86\git2-e0902fb.pdb
Compressing  SiteExtensions\Kudu\bin\NCrontab.dll
Compressing  SiteExtensions\Kudu\bin\Newtonsoft.Json.dll
Compressing  SiteExtensions\Kudu\bin\Newtonsoft.Json.xml
Compressing  SiteExtensions\Kudu\bin\Ninject.dll
Compressing  SiteExtensions\Kudu\bin\Ninject.Web.Common.dll
Compressing  SiteExtensions\Kudu\bin\Ninject.Web.Common.xml
Compressing  SiteExtensions\Kudu\bin\Ninject.xml
Compressing  SiteExtensions\Kudu\bin\node_modules\.bin\coffee-streamline
Compressing  SiteExtensions\Kudu\bin\node_modules\.bin\coffee-streamline.cmd
Compressing  SiteExtensions\Kudu\bin\node_modules\.bin\kuduscript
Compressing  SiteExtensions\Kudu\bin\node_modules\.bin\kuduscript.cmd
Compressing  SiteExtensions\Kudu\bin\node_modules\.bin\node-streamline
Compressing  SiteExtensions\Kudu\bin\node_modules\.bin\node-streamline.cmd
Compressing  SiteExtensions\Kudu\bin\node_modules\.bin\_coffee
Compressing  SiteExtensions\Kudu\bin\node_modules\.bin\_coffee.cmd
Compressing  SiteExtensions\Kudu\bin\node_modules\.bin\_node
Compressing  SiteExtensions\Kudu\bin\node_modules\.bin\_node.cmd
Compressing  SiteExtensions\Kudu\bin\node_modules\.bin\_node_harmony
Compressing  SiteExtensions\Kudu\bin\node_modules\.bin\_node_harmony.cmd
Compressing  SiteExtensions\Kudu\bin\node_modules\commander\.npmignore
Compressing  SiteExtensions\Kudu\bin\node_modules\commander\.travis.yml
Compressing  SiteExtensions\Kudu\bin\node_modules\commander\History.md
Compressing  SiteExtensions\Kudu\bin\node_modules\commander\index.js
Compressing  SiteExtensions\Kudu\bin\node_modules\commander\Makefile
Compressing  SiteExtensions\Kudu\bin\node_modules\commander\package.json
Compressing  SiteExtensions\Kudu\bin\node_modules\commander\Readme.md
Compressing  SiteExtensions\Kudu\bin\node_modules\keypress\index.js
Compressing  SiteExtensions\Kudu\bin\node_modules\keypress\package.json
Compressing  SiteExtensions\Kudu\bin\node_modules\keypress\README.md
Compressing  SiteExtensions\Kudu\bin\node_modules\keypress\test.js
Compressing  SiteExtensions\Kudu\bin\node_modules\kuduscript\.gitattributes
Compressing  SiteExtensions\Kudu\bin\node_modules\kuduscript\.npmignore
Compressing  SiteExtensions\Kudu\bin\node_modules\kuduscript\bin\kuduscript
Compressing  SiteExtensions\Kudu\bin\node_modules\kuduscript\bin\kuduscript.js
Compressing  SiteExtensions\Kudu\bin\node_modules\kuduscript\build.cmd
Compressing  SiteExtensions\Kudu\bin\node_modules\kuduscript\lib\generator.js
Compressing  SiteExtensions\Kudu\bin\node_modules\kuduscript\lib\generator._js
Compressing  SiteExtensions\Kudu\bin\node_modules\kuduscript\lib\polyfill.js
Compressing  SiteExtensions\Kudu\bin\node_modules\kuduscript\lib\templates\deploy.bash.aspnet.core.template
Compressing  SiteExtensions\Kudu\bin\node_modules\kuduscript\lib\templates\deploy.bash.aspnet.template
Compressing  SiteExtensions\Kudu\bin\node_modules\kuduscript\lib\templates\deploy.bash.basic.template
Compressing  SiteExtensions\Kudu\bin\node_modules\kuduscript\lib\templates\deploy.bash.node.template
Compressing  SiteExtensions\Kudu\bin\node_modules\kuduscript\lib\templates\deploy.bash.php.template
Compressing  SiteExtensions\Kudu\bin\node_modules\kuduscript\lib\templates\deploy.bash.postfix.template
Compressing  SiteExtensions\Kudu\bin\node_modules\kuduscript\lib\templates\deploy.bash.prefix.template
Compressing  SiteExtensions\Kudu\bin\node_modules\kuduscript\lib\templates\deploy.bash.ruby.template
Compressing  SiteExtensions\Kudu\bin\node_modules\kuduscript\lib\templates\deploy.batch.aspnet.core.template
Compressing  SiteExtensions\Kudu\bin\node_modules\kuduscript\lib\templates\deploy.batch.aspnet.template
Compressing  SiteExtensions\Kudu\bin\node_modules\kuduscript\lib\templates\deploy.batch.aspnet.wap.template
Compressing  SiteExtensions\Kudu\bin\node_modules\kuduscript\lib\templates\deploy.batch.aspnet.website.template
Compressing  SiteExtensions\Kudu\bin\node_modules\kuduscript\lib\templates\deploy.batch.basic.template
Compressing  SiteExtensions\Kudu\bin\node_modules\kuduscript\lib\templates\deploy.batch.dotnetconsole.template
Compressing  SiteExtensions\Kudu\bin\node_modules\kuduscript\lib\templates\deploy.batch.functionbasic.template
Compressing  SiteExtensions\Kudu\bin\node_modules\kuduscript\lib\templates\deploy.batch.functionmsbuild.template
Compressing  SiteExtensions\Kudu\bin\node_modules\kuduscript\lib\templates\deploy.batch.go.template
Compressing  SiteExtensions\Kudu\bin\node_modules\kuduscript\lib\templates\deploy.batch.node.template
Compressing  SiteExtensions\Kudu\bin\node_modules\kuduscript\lib\templates\deploy.batch.postfix.template
Compressing  SiteExtensions\Kudu\bin\node_modules\kuduscript\lib\templates\deploy.batch.prefix.template
Compressing  SiteExtensions\Kudu\bin\node_modules\kuduscript\lib\templates\deploy.batch.python.template
Compressing  SiteExtensions\Kudu\bin\node_modules\kuduscript\lib\templates\deploy.posh.aspnet.core.template
Compressing  SiteExtensions\Kudu\bin\node_modules\kuduscript\lib\templates\deploy.posh.aspnet.template
Compressing  SiteExtensions\Kudu\bin\node_modules\kuduscript\lib\templates\deploy.posh.aspnet.wap.template
Compressing  SiteExtensions\Kudu\bin\node_modules\kuduscript\lib\templates\deploy.posh.aspnet.website.template
Compressing  SiteExtensions\Kudu\bin\node_modules\kuduscript\lib\templates\deploy.posh.basic.template
Compressing  SiteExtensions\Kudu\bin\node_modules\kuduscript\lib\templates\deploy.posh.dotnetconsole.template
Compressing  SiteExtensions\Kudu\bin\node_modules\kuduscript\lib\templates\deploy.posh.node.template
Compressing  SiteExtensions\Kudu\bin\node_modules\kuduscript\lib\templates\deploy.posh.postfix.template
Compressing  SiteExtensions\Kudu\bin\node_modules\kuduscript\lib\templates\deploy.posh.prefix.template
Compressing  SiteExtensions\Kudu\bin\node_modules\kuduscript\npmpublish.cmd
Compressing  SiteExtensions\Kudu\bin\node_modules\kuduscript\package.json
Compressing  SiteExtensions\Kudu\bin\node_modules\kuduscript\README.markdown
Compressing  SiteExtensions\Kudu\bin\node_modules\kuduscript\smoketest.cmd
Compressing  SiteExtensions\Kudu\bin\node_modules\kuduscript\test.cmd
Compressing  SiteExtensions\Kudu\bin\node_modules\kuduscript\test\smokeTest.js
Compressing  SiteExtensions\Kudu\bin\node_modules\streamline\API.md
Compressing  SiteExtensions\Kudu\bin\node_modules\streamline\AUTHORS
Compressing  SiteExtensions\Kudu\bin\node_modules\streamline\bin\coffee-streamline
Compressing  SiteExtensions\Kudu\bin\node_modules\streamline\bin\node-streamline
Compressing  SiteExtensions\Kudu\bin\node_modules\streamline\bin\_coffee
Compressing  SiteExtensions\Kudu\bin\node_modules\streamline\bin\_node
Compressing  SiteExtensions\Kudu\bin\node_modules\streamline\bin\_node_harmony
Compressing  SiteExtensions\Kudu\bin\node_modules\streamline\deps\narcissus\jstests
Compressing  SiteExtensions\Kudu\bin\node_modules\streamline\deps\narcissus\lib\decompiler.js
Compressing  SiteExtensions\Kudu\bin\node_modules\streamline\deps\narcissus\lib\definitions.js
Compressing  SiteExtensions\Kudu\bin\node_modules\streamline\deps\narcissus\lib\jsbrowser.js
Compressing  SiteExtensions\Kudu\bin\node_modules\streamline\deps\narcissus\lib\jsdecomp.js
Compressing  SiteExtensions\Kudu\bin\node_modules\streamline\deps\narcissus\lib\jsdefs.js
Compressing  SiteExtensions\Kudu\bin\node_modules\streamline\deps\narcissus\lib\jsexec.js
Compressing  SiteExtensions\Kudu\bin\node_modules\streamline\deps\narcissus\lib\jslex.js
Compressing  SiteExtensions\Kudu\bin\node_modules\streamline\deps\narcissus\lib\jsparse.js
Compressing  SiteExtensions\Kudu\bin\node_modules\streamline\deps\narcissus\lib\lexer.js
Compressing  SiteExtensions\Kudu\bin\node_modules\streamline\deps\narcissus\lib\parser.js
Compressing  SiteExtensions\Kudu\bin\node_modules\streamline\deps\narcissus\LICENSE
Compressing  SiteExtensions\Kudu\bin\node_modules\streamline\deps\narcissus\main.js
Compressing  SiteExtensions\Kudu\bin\node_modules\streamline\deps\narcissus\njs
Compressing  SiteExtensions\Kudu\bin\node_modules\streamline\deps\narcissus\package.json
Compressing  SiteExtensions\Kudu\bin\node_modules\streamline\deps\narcissus\README.md
Compressing  SiteExtensions\Kudu\bin\node_modules\streamline\deps\narcissus\xfail\narcissus-failures.txt
Compressing  SiteExtensions\Kudu\bin\node_modules\streamline\deps\narcissus\xfail\narcissus-slow.txt
Compressing  SiteExtensions\Kudu\bin\node_modules\streamline\dev.html
Compressing  SiteExtensions\Kudu\bin\node_modules\streamline\examples\diskUsage\diskUsage._js
Compressing  SiteExtensions\Kudu\bin\node_modules\streamline\examples\diskUsage\diskUsage2._js
Compressing  SiteExtensions\Kudu\bin\node_modules\streamline\examples\diskUsage\diskUsage3._coffee
Compressing  SiteExtensions\Kudu\bin\node_modules\streamline\examples\diskUsage\diskUsage4._coffee
Compressing  SiteExtensions\Kudu\bin\node_modules\streamline\examples\loader\hello._js
Compressing  SiteExtensions\Kudu\bin\node_modules\streamline\examples\loader\hello2._coffee
Compressing  SiteExtensions\Kudu\bin\node_modules\streamline\examples\loader\loader.js
Compressing  SiteExtensions\Kudu\bin\node_modules\streamline\examples\loader\loader.md
Compressing  SiteExtensions\Kudu\bin\node_modules\streamline\examples\loader\loader2.js
Compressing  SiteExtensions\Kudu\bin\node_modules\streamline\examples\misc\bench._js
Compressing  SiteExtensions\Kudu\bin\node_modules\streamline\examples\misc\Cakefile
Compressing  SiteExtensions\Kudu\bin\node_modules\streamline\examples\misc\fiboBench.js
Compressing  SiteExtensions\Kudu\bin\node_modules\streamline\examples\misc\shebang-coffee.sh
Compressing  SiteExtensions\Kudu\bin\node_modules\streamline\examples\misc\shebang-require.js
Compressing  SiteExtensions\Kudu\bin\node_modules\streamline\examples\misc\shebang.sh
Compressing  SiteExtensions\Kudu\bin\node_modules\streamline\examples\misc\shebang._js
Compressing  SiteExtensions\Kudu\bin\node_modules\streamline\examples\streamlineMe\streamlineMe.css
Compressing  SiteExtensions\Kudu\bin\node_modules\streamline\examples\streamlineMe\streamlineMe.html
Compressing  SiteExtensions\Kudu\bin\node_modules\streamline\examples\streamlineMe\streamlineMe.js
Compressing  SiteExtensions\Kudu\bin\node_modules\streamline\examples\streamlineMe\yieldMe.html
Compressing  SiteExtensions\Kudu\bin\node_modules\streamline\examples\streams\googleClient._js
Compressing  SiteExtensions\Kudu\bin\node_modules\streamline\FAQ.md
Compressing  SiteExtensions\Kudu\bin\node_modules\streamline\index.html
Compressing  SiteExtensions\Kudu\bin\node_modules\streamline\index.js
Compressing  SiteExtensions\Kudu\bin\node_modules\streamline\index.md
Compressing  SiteExtensions\Kudu\bin\node_modules\streamline\lib\callbacks\builtins.js
Compressing  SiteExtensions\Kudu\bin\node_modules\streamline\lib\callbacks\format.js
Compressing  SiteExtensions\Kudu\bin\node_modules\streamline\lib\callbacks\require-stub.js
Compressing  SiteExtensions\Kudu\bin\node_modules\streamline\lib\callbacks\runtime.js
Compressing  SiteExtensions\Kudu\bin\node_modules\streamline\lib\callbacks\transform.js
Compressing  SiteExtensions\Kudu\bin\node_modules\streamline\lib\callbacks\transform.md
Compressing  SiteExtensions\Kudu\bin\node_modules\streamline\lib\compiler\build.sh
Compressing  SiteExtensions\Kudu\bin\node_modules\streamline\lib\compiler\builtins.md
Compressing  SiteExtensions\Kudu\bin\node_modules\streamline\lib\compiler\builtins._js
Compressing  SiteExtensions\Kudu\bin\node_modules\streamline\lib\compiler\command.js
Compressing  SiteExtensions\Kudu\bin\node_modules\streamline\lib\compiler\compile.js
Compressing  SiteExtensions\Kudu\bin\node_modules\streamline\lib\compiler\compile.md
Compressing  SiteExtensions\Kudu\bin\node_modules\streamline\lib\compiler\compile._js
Compressing  SiteExtensions\Kudu\bin\node_modules\streamline\lib\compiler\register.js
Compressing  SiteExtensions\Kudu\bin\node_modules\streamline\lib\compiler\underscored.js
Compressing  SiteExtensions\Kudu\bin\node_modules\streamline\lib\fibers\builtins.js
Compressing  SiteExtensions\Kudu\bin\node_modules\streamline\lib\fibers\runtime.js
Compressing  SiteExtensions\Kudu\bin\node_modules\streamline\lib\fibers\transform.js
Compressing  SiteExtensions\Kudu\bin\node_modules\streamline\lib\fibers\walker.js
Compressing  SiteExtensions\Kudu\bin\node_modules\streamline\lib\generators\builtins.js
Compressing  SiteExtensions\Kudu\bin\node_modules\streamline\lib\generators\lib\luvmonkey\streamline
Compressing  SiteExtensions\Kudu\bin\node_modules\streamline\lib\generators\proto.sh
Compressing  SiteExtensions\Kudu\bin\node_modules\streamline\lib\generators\require-stub.js
Compressing  SiteExtensions\Kudu\bin\node_modules\streamline\lib\generators\runtime.js
Compressing  SiteExtensions\Kudu\bin\node_modules\streamline\lib\generators\test.js
Compressing  SiteExtensions\Kudu\bin\node_modules\streamline\lib\generators\test._js
Compressing  SiteExtensions\Kudu\bin\node_modules\streamline\lib\generators\transform.js
Compressing  SiteExtensions\Kudu\bin\node_modules\streamline\lib\globals.js
Compressing  SiteExtensions\Kudu\bin\node_modules\streamline\lib\globals.md
Compressing  SiteExtensions\Kudu\bin\node_modules\streamline\lib\index.js
Compressing  SiteExtensions\Kudu\bin\node_modules\streamline\lib\streams\client\streams.js
Compressing  SiteExtensions\Kudu\bin\node_modules\streamline\lib\streams\client\streams._js
Compressing  SiteExtensions\Kudu\bin\node_modules\streamline\lib\streams\jsonRequest._js
Compressing  SiteExtensions\Kudu\bin\node_modules\streamline\lib\streams\readers._js
Compressing  SiteExtensions\Kudu\bin\node_modules\streamline\lib\streams\server\streams.md
Compressing  SiteExtensions\Kudu\bin\node_modules\streamline\lib\streams\server\streams._js
Compressing  SiteExtensions\Kudu\bin\node_modules\streamline\lib\streams\streams.js
Compressing  SiteExtensions\Kudu\bin\node_modules\streamline\lib\tools\docTool.md
Compressing  SiteExtensions\Kudu\bin\node_modules\streamline\lib\tools\docTool._js
Compressing  SiteExtensions\Kudu\bin\node_modules\streamline\lib\util\flows.js
Compressing  SiteExtensions\Kudu\bin\node_modules\streamline\lib\util\flows.md
Compressing  SiteExtensions\Kudu\bin\node_modules\streamline\lib\util\future.js
Compressing  SiteExtensions\Kudu\bin\node_modules\streamline\lib\util\index.js
Compressing  SiteExtensions\Kudu\bin\node_modules\streamline\lib\util\require.js
Compressing  SiteExtensions\Kudu\bin\node_modules\streamline\module.js
Compressing  SiteExtensions\Kudu\bin\node_modules\streamline\package.json
Compressing  SiteExtensions\Kudu\bin\node_modules\streamline\README.md
Compressing  SiteExtensions\Kudu\bin\node_modules\streamline\register.js
Compressing  SiteExtensions\Kudu\bin\node_modules\streamline\test\common\callbacks\eval-test.html
Compressing  SiteExtensions\Kudu\bin\node_modules\streamline\test\common\callbacks\eval-test.js
Compressing  SiteExtensions\Kudu\bin\node_modules\streamline\test\common\callbacks\flows-test.html
Compressing  SiteExtensions\Kudu\bin\node_modules\streamline\test\common\callbacks\flows-test.js
Compressing  SiteExtensions\Kudu\bin\node_modules\streamline\test\common\callbacks\stack-test.html
Compressing  SiteExtensions\Kudu\bin\node_modules\streamline\test\common\callbacks\stack-test.js
Compressing  SiteExtensions\Kudu\bin\node_modules\streamline\test\common\eval-test._js
Compressing  SiteExtensions\Kudu\bin\node_modules\streamline\test\common\flows-test._js
Compressing  SiteExtensions\Kudu\bin\node_modules\streamline\test\common\generators\eval-test.html
Compressing  SiteExtensions\Kudu\bin\node_modules\streamline\test\common\generators\eval-test.js
Compressing  SiteExtensions\Kudu\bin\node_modules\streamline\test\common\generators\flows-test.html
Compressing  SiteExtensions\Kudu\bin\node_modules\streamline\test\common\generators\flows-test.js
Compressing  SiteExtensions\Kudu\bin\node_modules\streamline\test\common\generators\stack-test.html
Compressing  SiteExtensions\Kudu\bin\node_modules\streamline\test\common\generators\stack-test.js
Compressing  SiteExtensions\Kudu\bin\node_modules\streamline\test\common\stack-test.html
Compressing  SiteExtensions\Kudu\bin\node_modules\streamline\test\common\stack-test._js
Compressing  SiteExtensions\Kudu\bin\node_modules\streamline\test\common\transform-test.html
Compressing  SiteExtensions\Kudu\bin\node_modules\streamline\test\common\transform-test.js
Compressing  SiteExtensions\Kudu\bin\node_modules\streamline\test\qunit\jquery.js
Compressing  SiteExtensions\Kudu\bin\node_modules\streamline\test\qunit\qunit.css
Compressing  SiteExtensions\Kudu\bin\node_modules\streamline\test\qunit\qunit.js
Compressing  SiteExtensions\Kudu\bin\node_modules\streamline\test\server\streams-test._js
Compressing  SiteExtensions\Kudu\bin\NuGet.Client.BaseTypes.dll
Compressing  SiteExtensions\Kudu\bin\NuGet.Client.BaseTypes.xml
Compressing  SiteExtensions\Kudu\bin\NuGet.Client.dll
Compressing  SiteExtensions\Kudu\bin\NuGet.Client.V2.dll
Compressing  SiteExtensions\Kudu\bin\NuGet.Client.V2.VisualStudio.dll
Compressing  SiteExtensions\Kudu\bin\NuGet.Client.V2.VisualStudio.xml
Compressing  SiteExtensions\Kudu\bin\NuGet.Client.V2.xml
Compressing  SiteExtensions\Kudu\bin\NuGet.Client.V3.VisualStudio.dll
Compressing  SiteExtensions\Kudu\bin\NuGet.Client.V3.VisualStudio.xml
Compressing  SiteExtensions\Kudu\bin\NuGet.Client.VisualStudio.dll
Compressing  SiteExtensions\Kudu\bin\NuGet.Client.VisualStudio.xml
Compressing  SiteExtensions\Kudu\bin\NuGet.Client.xml
Compressing  SiteExtensions\Kudu\bin\NuGet.Configuration.dll
Compressing  SiteExtensions\Kudu\bin\NuGet.Core.dll
Compressing  SiteExtensions\Kudu\bin\NuGet.Data.dll
Compressing  SiteExtensions\Kudu\bin\NuGet.Data.xml
Compressing  SiteExtensions\Kudu\bin\NuGet.Frameworks.dll
Compressing  SiteExtensions\Kudu\bin\NuGet.Frameworks.xml
Compressing  SiteExtensions\Kudu\bin\NuGet.Packaging.dll
Compressing  SiteExtensions\Kudu\bin\NuGet.Packaging.xml
Compressing  SiteExtensions\Kudu\bin\NuGet.PackagingCore.dll
Compressing  SiteExtensions\Kudu\bin\NuGet.PackagingCore.xml
Compressing  SiteExtensions\Kudu\bin\NuGet.Resolver.dll
Compressing  SiteExtensions\Kudu\bin\NuGet.Resolver.xml
Compressing  SiteExtensions\Kudu\bin\NuGet.Versioning.dll
Compressing  SiteExtensions\Kudu\bin\NuGet.Versioning.xml
Compressing  SiteExtensions\Kudu\bin\Owin.dll
Compressing  SiteExtensions\Kudu\bin\Scripts\CommandLine.dll
Compressing  SiteExtensions\Kudu\bin\Scripts\deployedJob.html.template
Compressing  SiteExtensions\Kudu\bin\Scripts\deploy_webjobs.cmd
Compressing  SiteExtensions\Kudu\bin\Scripts\dnvm.ps1
Compressing  SiteExtensions\Kudu\bin\Scripts\firstDeploymentManifest
Compressing  SiteExtensions\Kudu\bin\Scripts\go.web.config.template
Compressing  SiteExtensions\Kudu\bin\Scripts\iisnode.config.template
Compressing  SiteExtensions\Kudu\bin\Scripts\KuduHandles.exe
Compressing  SiteExtensions\Kudu\bin\Scripts\kudusync
Compressing  SiteExtensions\Kudu\bin\Scripts\kudusync.cmd
Compressing  SiteExtensions\Kudu\bin\Scripts\KuduSync.NET.exe
Compressing  SiteExtensions\Kudu\bin\Scripts\KuduSync.NET.exe.config
Compressing  SiteExtensions\Kudu\bin\Scripts\NuGet.exe
Compressing  SiteExtensions\Kudu\bin\Scripts\runDnxWebJob.cmd
Compressing  SiteExtensions\Kudu\bin\Scripts\selectLatestVersion.ps1
Compressing  SiteExtensions\Kudu\bin\Scripts\selectNodeVersion.js
Compressing  SiteExtensions\Kudu\bin\Scripts\select_python_version.py
Compressing  SiteExtensions\Kudu\bin\Scripts\semver.js
Compressing  SiteExtensions\Kudu\bin\Scripts\starter.cmd
Compressing  SiteExtensions\Kudu\bin\Scripts\starter.sh
Compressing  SiteExtensions\Kudu\bin\Scripts\System.IO.Abstractions.dll
Compressing  SiteExtensions\Kudu\bin\System.IdentityModel.Tokens.Jwt.dll
Compressing  SiteExtensions\Kudu\bin\System.IdentityModel.Tokens.Jwt.xml
Compressing  SiteExtensions\Kudu\bin\System.IO.Abstractions.dll
Compressing  SiteExtensions\Kudu\bin\System.Net.Http.Extensions.dll
Compressing  SiteExtensions\Kudu\bin\System.Net.Http.Extensions.xml
Compressing  SiteExtensions\Kudu\bin\System.Net.Http.Formatting.dll
Compressing  SiteExtensions\Kudu\bin\System.Net.Http.Formatting.xml
Compressing  SiteExtensions\Kudu\bin\System.Net.Http.Primitives.dll
Compressing  SiteExtensions\Kudu\bin\System.Net.Http.Primitives.xml
Compressing  SiteExtensions\Kudu\bin\System.Text.Encodings.Web.dll
Compressing  SiteExtensions\Kudu\bin\System.Text.Encodings.Web.xml
Compressing  SiteExtensions\Kudu\bin\System.Web.Helpers.dll
Compressing  SiteExtensions\Kudu\bin\System.Web.Helpers.xml
Compressing  SiteExtensions\Kudu\bin\System.Web.Http.dll
Compressing  SiteExtensions\Kudu\bin\System.Web.Http.WebHost.dll
Compressing  SiteExtensions\Kudu\bin\System.Web.Http.WebHost.xml
Compressing  SiteExtensions\Kudu\bin\System.Web.Http.xml
Compressing  SiteExtensions\Kudu\bin\System.Web.Razor.dll
Compressing  SiteExtensions\Kudu\bin\System.Web.Razor.xml
Compressing  SiteExtensions\Kudu\bin\System.Web.WebPages.Deployment.dll
Compressing  SiteExtensions\Kudu\bin\System.Web.WebPages.Deployment.xml
Compressing  SiteExtensions\Kudu\bin\System.Web.WebPages.dll
Compressing  SiteExtensions\Kudu\bin\System.Web.WebPages.Razor.dll
Compressing  SiteExtensions\Kudu\bin\System.Web.WebPages.Razor.xml
Compressing  SiteExtensions\Kudu\bin\System.Web.WebPages.xml
Compressing  SiteExtensions\Kudu\bin\WebActivatorEx.dll
Compressing  SiteExtensions\Kudu\bin\XmlSettings.dll
Compressing  SiteExtensions\Kudu\commit.txt
Compressing  SiteExtensions\Kudu\Content\Images\collapse.gif
Compressing  SiteExtensions\Kudu\Content\Images\expand.gif
Compressing  SiteExtensions\Kudu\Content\Images\jquery-ui-theme\ui-bg_flat_0_aaaaaa_40x100.png
Compressing  SiteExtensions\Kudu\Content\Images\jquery-ui-theme\ui-bg_glass_55_fbf9ee_1x400.png
Compressing  SiteExtensions\Kudu\Content\Images\jquery-ui-theme\ui-bg_glass_65_ffffff_1x400.png
Compressing  SiteExtensions\Kudu\Content\Images\jquery-ui-theme\ui-bg_glass_75_dadada_1x400.png
Compressing  SiteExtensions\Kudu\Content\Images\jquery-ui-theme\ui-bg_glass_75_e6e6e6_1x400.png
Compressing  SiteExtensions\Kudu\Content\Images\jquery-ui-theme\ui-bg_glass_75_ffffff_1x400.png
Compressing  SiteExtensions\Kudu\Content\Images\jquery-ui-theme\ui-bg_highlight-soft_75_cccccc_1x100.png
Compressing  SiteExtensions\Kudu\Content\Images\jquery-ui-theme\ui-bg_inset-soft_95_fef1ec_1x100.png
Compressing  SiteExtensions\Kudu\Content\Images\jquery-ui-theme\ui-icons_222222_256x240.png
Compressing  SiteExtensions\Kudu\Content\Images\jquery-ui-theme\ui-icons_2e83ff_256x240.png
Compressing  SiteExtensions\Kudu\Content\Images\jquery-ui-theme\ui-icons_454545_256x240.png
Compressing  SiteExtensions\Kudu\Content\Images\jquery-ui-theme\ui-icons_888888_256x240.png
Compressing  SiteExtensions\Kudu\Content\Images\jquery-ui-theme\ui-icons_cd0a0a_256x240.png
Compressing  SiteExtensions\Kudu\Content\Images\jquery-ui-theme\ui-icons_f6cf3b_256x240.png
Compressing  SiteExtensions\Kudu\Content\Images\Kudu.svg
Compressing  SiteExtensions\Kudu\Content\Images\paKman.gif
Compressing  SiteExtensions\Kudu\Content\Images\Windows Azure Web Site.png
Compressing  SiteExtensions\Kudu\Content\Scripts\ace-init.js
Compressing  SiteExtensions\Kudu\Content\Scripts\FileBrowser.js
Compressing  SiteExtensions\Kudu\Content\Scripts\HelperScript.js
Compressing  SiteExtensions\Kudu\Content\Scripts\jquery-console\jquery.console.js
Compressing  SiteExtensions\Kudu\Content\Scripts\jquery-console\README
Compressing  SiteExtensions\Kudu\Content\Scripts\jquery.contextMenu.js
Compressing  SiteExtensions\Kudu\Content\Scripts\jquery.signalR-2.1.1.min.js
Compressing  SiteExtensions\Kudu\Content\Scripts\KuduExec.js
Compressing  SiteExtensions\Kudu\Content\Scripts\KuduExecV2.js
Compressing  SiteExtensions\Kudu\Content\Scripts\ProcessExplorer.js
Compressing  SiteExtensions\Kudu\Content\Scripts\SiteExtensions.js
Compressing  SiteExtensions\Kudu\Content\Scripts\vkbeautify.0.99.00.beta.js
Compressing  SiteExtensions\Kudu\Content\Styles\FileBrowser.css
Compressing  SiteExtensions\Kudu\Content\Styles\jquery-ui-1.10.0.custom.css
Compressing  SiteExtensions\Kudu\Content\Styles\jquery.contextMenu.css
Compressing  SiteExtensions\Kudu\Content\Styles\ProcessExplorer.css
Compressing  SiteExtensions\Kudu\Content\Styles\SiteExtensions.css
Compressing  SiteExtensions\Kudu\DebugConsole\AceHelp.html
Compressing  SiteExtensions\Kudu\DebugConsole\Default.cshtml
Compressing  SiteExtensions\Kudu\DebugConsole\LinuxConsole.cshtml
Compressing  SiteExtensions\Kudu\DebugConsole\WindowsConsole.cshtml
Compressing  SiteExtensions\Kudu\Default.cshtml
Compressing  SiteExtensions\Kudu\Env.cshtml
Compressing  SiteExtensions\Kudu\favicon.ico
Compressing  SiteExtensions\Kudu\ProcessExplorer\Default.cshtml
Compressing  SiteExtensions\Kudu\scmApplicationHost.xdt
Compressing  SiteExtensions\Kudu\SiteExtensions\Default.cshtml
Compressing  SiteExtensions\Kudu\Support\Default.cshtml
Compressing  SiteExtensions\Kudu\Web.config
Compressing  SiteExtensions\Kudu\WebHooks.cshtml
Compressing  SiteExtensions\Kudu\_Layout.cshtml

Everything is Ok
